[debug] [2023-05-15T02:32:22.205Z] ----------------------------------------------------------------------
[debug] [2023-05-15T02:32:22.209Z] Command:       C:\Program Files\nodejs\node.exe C:\Users\hp\AppData\Roaming\npm\node_modules\firebase-tools\lib\bin\firebase.js init
[debug] [2023-05-15T02:32:22.209Z] CLI Version:   12.0.0
[debug] [2023-05-15T02:32:22.210Z] Platform:      win32
[debug] [2023-05-15T02:32:22.211Z] Node Version:  v18.14.1
[debug] [2023-05-15T02:32:22.355Z] Time:          Mon May 15 2023 03:32:22 GMT+0100 (West Africa Standard Time)
[debug] [2023-05-15T02:32:22.356Z] ----------------------------------------------------------------------
[debug] 
[debug] [2023-05-15T02:32:22.593Z] > command requires scopes: ["email","openid","https://www.googleapis.com/auth/cloudplatformprojects.readonly","https://www.googleapis.com/auth/firebase","https://www.googleapis.com/auth/cloud-platform"]
[debug] [2023-05-15T02:32:22.595Z] > authorizing via signed-in user (fredobumma@gmail.com)
[info] 
     ######## #### ########  ######## ########     ###     ######  ########
     ##        ##  ##     ## ##       ##     ##  ##   ##  ##       ##
     ######    ##  ########  ######   ########  #########  ######  ######
     ##        ##  ##    ##  ##       ##     ## ##     ##       ## ##
     ##       #### ##     ## ######## ########  ##     ##  ######  ########

You're about to initialize a Firebase project in this directory:

  C:\Users\hp\Downloads\Webs\w-tokners\w-tokners-app

Before we get started, keep in mind:

  * You are initializing within an existing Firebase project directory

